<?xml version="1.0" encoding="UTF-8"?>
<!-- Generated by org.testng.reporters.JUnitReportReporter -->
<testsuite hostname="DESKTOP-RARCBNQ" failures="1" tests="1" name="com.juaracoding.projectJC.web_admin.step_view_data.TestRunnerDetailData" time="79.352" errors="0" timestamp="2022-09-20T18:35:44 WIB" skipped="0">
  <testcase classname="com.juaracoding.projectJC.web_admin.step_view_data.TestRunnerDetailData" name="runScenario" time="79.352">
    <failure message="expected [081234567891] but found [2147483647]" type="java.lang.AssertionError">
      <![CDATA[java.lang.AssertionError: expected [081234567891] but found [2147483647]
at org.testng.Assert.fail(Assert.java:99)
at org.testng.Assert.failNotEquals(Assert.java:1037)
at org.testng.Assert.assertEqualsImpl(Assert.java:140)
at org.testng.Assert.assertEquals(Assert.java:122)
at org.testng.Assert.assertEquals(Assert.java:629)
at org.testng.Assert.assertEquals(Assert.java:639)
at com.juaracoding.projectJC.web_admin.step_view_data.TestDetailData.user_view_data_phone_number_in_table(TestDetailData.java:112)
at âœ½.User view data phone number in table(file:///D:/eclipse-workspace/Juaracoding-KerjaPraktek/src/test/resources/features/04.DetailDataContact.feature:12)
]]>
    </failure>
  </testcase> <!-- runScenario -->
  <system-out/>
</testsuite> <!-- com.juaracoding.projectJC.web_admin.step_view_data.TestRunnerDetailData -->
